<?xml version="1.0" encoding="UTF-8"?>
<!-- Generated by org.testng.reporters.JUnitReportReporter -->
<testsuite skipped="0" hostname="NODE882" name="com.Config.GitJenkinsProject.TestFBLogin" tests="1" failures="0" timestamp="27 Oct 2018 17:58:14 GMT" time="0.279" errors="0">
  <testcase name="testChrome" time="0.279" classname="com.Config.GitJenkinsProject.TestFBLogin"/>
</testsuite> <!-- com.Config.GitJenkinsProject.TestFBLogin -->
